C:\Program Files\Microsoft Visual Studio\2022\Community\MSBuild\Microsoft\VC\v170\Microsoft.CppBuild.targets(538,5): warning MSB8028: The intermediate directory (C:\Users\yolui\Desktop\imgui-docking\examples\example_win32_directx12\Release\) contains files shared from another project (example_win32_directx12.vcxproj).  This can lead to incorrect clean and rebuild behavior.
  imgui.cpp
  imgui_demo.cpp
  imgui_draw.cpp
  imgui_tables.cpp
  imgui_widgets.cpp
  imgui_impl_dx12.cpp
  imgui_impl_win32.cpp
  Application.cpp
C:\Users\yolui\Desktop\imgui-docking\examples\example_win32_directx12\Application.cpp(1,1): warning C4828: The file contains a character starting at offset 0x4e that is illegal in the current source character set (codepage 65001).
C:\Users\yolui\Desktop\imgui-docking\examples\example_win32_directx12\Application.cpp(1,1): warning C4828: The file contains a character starting at offset 0x1c12 that is illegal in the current source character set (codepage 65001).
C:\Users\yolui\Desktop\imgui-docking\examples\example_win32_directx12\Application.cpp(224,17): warning C4804: '%': unsafe use of type 'bool' in operation
C:\Users\yolui\Desktop\imgui-docking\examples\example_win32_directx12\Application.cpp(225,40): warning C4804: '%': unsafe use of type 'bool' in operation
C:\Users\yolui\Desktop\imgui-docking\examples\example_win32_directx12\Application.cpp(96,26): warning C4189: 'tab_flags': local variable is initialized but not referenced
C:\Users\yolui\Desktop\imgui-docking\examples\example_win32_directx12\Application.cpp(254,24): warning C4459: declaration of 'tokens' hides global declaration
      C:\Users\yolui\Desktop\imgui-docking\examples\example_win32_directx12\Application.cpp(17,20):
      see declaration of 'tokens'
  
  imgui_stdlib.cpp
  main.cpp
C:\Users\yolui\Desktop\imgui-docking\examples\example_win32_directx12\main.cpp(66,9): warning C4100: 'nShowCmd': unreferenced parameter
C:\Users\yolui\Desktop\imgui-docking\examples\example_win32_directx12\main.cpp(65,11): warning C4100: 'lpCmdLine': unreferenced parameter
C:\Users\yolui\Desktop\imgui-docking\examples\example_win32_directx12\main.cpp(64,15): warning C4100: 'hPrevInstance': unreferenced parameter
C:\Users\yolui\Desktop\imgui-docking\examples\example_win32_directx12\main.cpp(63,15): warning C4100: 'hInstance': unreferenced parameter
C:\Users\yolui\Desktop\imgui-docking\examples\example_win32_directx12\main.cpp(134,10): warning C4189: 'show_demo_window': local variable is initialized but not referenced
C:\Users\yolui\Desktop\imgui-docking\examples\example_win32_directx12\main.cpp(135,10): warning C4189: 'show_another_window': local variable is initialized but not referenced
  Generating code
  Previous IPDB not found, fall back to full compilation.
  All 3361 functions were compiled because no usable IPDB/IOBJ from previous compilation was found.
  Finished generating code
  example_win32_directx12.vcxproj -> C:\Users\yolui\Desktop\imgui-docking\examples\example_win32_directx12\Release\cascabel.exe
